<?xml version="1.0" encoding="UTF-8" standalone="yes"?><!DOCTYPE report PUBLIC "-//JACOCO//DTD Report 1.1//EN" "report.dtd"><report name="smart-house"><sessioninfo id="DESKTOP-GV01J88-d22295f5" start="1594132265360" dump="1594132267092"/><sessioninfo id="DESKTOP-GV01J88-99d6736f" start="1594133246406" dump="1594133248018"/><sessioninfo id="DESKTOP-GV01J88-ac202941" start="1594133373665" dump="1594133375300"/><sessioninfo id="DESKTOP-GV01J88-58057995" start="1594133422607" dump="1594133424209"/><sessioninfo id="DESKTOP-GV01J88-5f3c4de8" start="1594133596828" dump="1594133598891"/><sessioninfo id="DESKTOP-GV01J88-70044954" start="1594133937813" dump="1594133939464"/><sessioninfo id="DESKTOP-GV01J88-db74a92b" start="1594134123542" dump="1594134125138"/><sessioninfo id="DESKTOP-GV01J88-9e915f75" start="1594134217825" dump="1594134219477"/><sessioninfo id="DESKTOP-GV01J88-7604c4dd" start="1594134456986" dump="1594134458775"/><sessioninfo id="DESKTOP-GV01J88-eb4c042" start="1594134532477" dump="1594134534017"/><sessioninfo id="DESKTOP-GV01J88-bce7c6ea" start="1594134681565" dump="1594134683128"/><sessioninfo id="DESKTOP-GV01J88-1939c2ad" start="1594134733714" dump="1594134735274"/><sessioninfo id="DESKTOP-GV01J88-823adcb1" start="1594134795398" dump="1594134797032"/><sessioninfo id="DESKTOP-GV01J88-1844c2b8" start="1594134877203" dump="1594134878849"/><sessioninfo id="DESKTOP-GV01J88-4ab48582" start="1594134960045" dump="1594134961906"/><sessioninfo id="DESKTOP-GV01J88-b064c435" start="1594135080903" dump="1594135082581"/><sessioninfo id="DESKTOP-GV01J88-ec59dd0e" start="1594135112935" dump="1594135114632"/><sessioninfo id="DESKTOP-GV01J88-849bfc42" start="1594135188782" dump="1594135190471"/><sessioninfo id="DESKTOP-GV01J88-349837cc" start="1594135249455" dump="1594135251230"/><sessioninfo id="DESKTOP-GV01J88-72529287" start="1594135317030" dump="1594135318721"/><sessioninfo id="DESKTOP-GV01J88-edaf7d8d" start="1594135340157" dump="1594135341855"/><sessioninfo id="DESKTOP-GV01J88-adf9f358" start="1594135461431" dump="1594135463022"/><sessioninfo id="DESKTOP-GV01J88-d27d245" start="1594135488306" dump="1594135490995"/><sessioninfo id="DESKTOP-GV01J88-c8074c00" start="1594135589366" dump="1594135591045"/><sessioninfo id="DESKTOP-GV01J88-c37c38a4" start="1594230730048" dump="1594230732163"/><sessioninfo id="DESKTOP-GV01J88-e320a2c0" start="1594587396593" dump="1594587398391"/><sessioninfo id="DESKTOP-GV01J88-cdc47ef2" start="1594587542857" dump="1594587544924"/><sessioninfo id="DESKTOP-GV01J88-f457be3" start="1594587911463" dump="1594587913312"/><sessioninfo id="DESKTOP-GV01J88-836b2106" start="1594589350009" dump="1594589351559"/><sessioninfo id="DESKTOP-GV01J88-2f767dda" start="1594592349566" dump="1594592351407"/><sessioninfo id="DESKTOP-GV01J88-9c6d01bf" start="1594593164437" dump="1594593166405"/><sessioninfo id="DESKTOP-GV01J88-b9d8785c" start="1594593327226" dump="1594593329076"/><sessioninfo id="DESKTOP-GV01J88-ae6023df" start="1594593876984" dump="1594593878793"/><sessioninfo id="DESKTOP-GV01J88-9480502b" start="1594638858576" dump="1594638860832"/><sessioninfo id="DESKTOP-GV01J88-48b53f58" start="1594639034731" dump="1594639036645"/><sessioninfo id="DESKTOP-GV01J88-efc73868" start="1594639390855" dump="1594639392512"/><sessioninfo id="DESKTOP-GV01J88-4602985a" start="1594639449546" dump="1594639451147"/><sessioninfo id="DESKTOP-GV01J88-6b1b7772" start="1594642231643" dump="1594642233366"/><sessioninfo id="DESKTOP-GV01J88-9d0c8777" start="1594642597893" dump="1594642599487"/><sessioninfo id="DESKTOP-GV01J88-39d7de4a" start="1594642664081" dump="1594642665608"/><sessioninfo id="DESKTOP-GV01J88-aadb6914" start="1594642734690" dump="1594642736918"/><sessioninfo id="DESKTOP-GV01J88-efa3439f" start="1594642740119" dump="1594642741740"/><sessioninfo id="DESKTOP-GV01J88-e93666c0" start="1594643524472" dump="1594643525957"/><sessioninfo id="DESKTOP-GV01J88-6af82b5c" start="1594643626830" dump="1594643628408"/><sessioninfo id="DESKTOP-GV01J88-9150f38d" start="1594643849147" dump="1594643850829"/><sessioninfo id="DESKTOP-GV01J88-e2092e0e" start="1594643926754" dump="1594643928722"/><sessioninfo id="DESKTOP-GV01J88-eebd1aed" start="1594644047042" dump="1594644048642"/><sessioninfo id="DESKTOP-GV01J88-cf97c6f9" start="1594644085227" dump="1594644086827"/><sessioninfo id="DESKTOP-GV01J88-230c8f32" start="1594644097507" dump="1594644099092"/><sessioninfo id="DESKTOP-GV01J88-c802ca0f" start="1594644226802" dump="1594644228342"/><sessioninfo id="DESKTOP-GV01J88-6b2e4b2a" start="1594644287150" dump="1594644288755"/><sessioninfo id="DESKTOP-GV01J88-929b2609" start="1594644356146" dump="1594644357702"/><sessioninfo id="DESKTOP-GV01J88-a61f281b" start="1594649204225" dump="1594649206216"/><package name="ru/netology"><class name="ru/netology/Radio" sourcefilename="Radio.java"><method name="changeNextRadioStation" desc="()V" line="27"><counter type="INSTRUCTION" missed="0" covered="16"/><counter type="BRANCH" missed="0" covered="2"/><counter type="LINE" missed="0" covered="4"/><counter type="COMPLEXITY" missed="0" covered="2"/><counter type="METHOD" missed="0" covered="1"/></method><method name="&lt;init&gt;" desc="(Ljava/lang/String;)V" line="15"><counter type="INSTRUCTION" missed="0" covered="30"/><counter type="LINE" missed="0" covered="11"/><counter type="COMPLEXITY" missed="0" covered="1"/><counter type="METHOD" missed="0" covered="1"/></method><method name="changePrevRadioStation" desc="()V" line="40"><counter type="INSTRUCTION" missed="0" covered="16"/><counter type="BRANCH" missed="0" covered="2"/><counter type="LINE" missed="0" covered="4"/><counter type="COMPLEXITY" missed="0" covered="2"/><counter type="METHOD" missed="0" covered="1"/></method><method name="&lt;init&gt;" desc="(Ljava/lang/String;I)V" line="15"><counter type="INSTRUCTION" missed="0" covered="30"/><counter type="LINE" missed="0" covered="11"/><counter type="COMPLEXITY" missed="0" covered="1"/><counter type="METHOD" missed="0" covered="1"/></method><method name="volumeUp" desc="()V" line="52"><counter type="INSTRUCTION" missed="0" covered="13"/><counter type="BRANCH" missed="0" covered="2"/><counter type="LINE" missed="0" covered="4"/><counter type="COMPLEXITY" missed="0" covered="2"/><counter type="METHOD" missed="0" covered="1"/></method><method name="&lt;init&gt;" desc="(Ljava/lang/String;II)V" line="15"><counter type="INSTRUCTION" missed="0" covered="36"/><counter type="LINE" missed="0" covered="13"/><counter type="COMPLEXITY" missed="0" covered="1"/><counter type="METHOD" missed="0" covered="1"/></method><method name="volumeDown" desc="()V" line="65"><counter type="INSTRUCTION" missed="0" covered="13"/><counter type="BRANCH" missed="0" covered="2"/><counter type="LINE" missed="0" covered="4"/><counter type="COMPLEXITY" missed="0" covered="2"/><counter type="METHOD" missed="0" covered="1"/></method><method name="&lt;init&gt;" desc="(Ljava/lang/String;III)V" line="15"><counter type="INSTRUCTION" missed="0" covered="39"/><counter type="LINE" missed="0" covered="14"/><counter type="COMPLEXITY" missed="0" covered="1"/><counter type="METHOD" missed="0" covered="1"/></method><method name="&lt;init&gt;" desc="()V" line="8"><counter type="INSTRUCTION" missed="27" covered="0"/><counter type="LINE" missed="9" covered="0"/><counter type="COMPLEXITY" missed="1" covered="0"/><counter type="METHOD" missed="1" covered="0"/></method><method name="&lt;init&gt;" desc="(Ljava/lang/String;IZIIIIIZZZZ)V" line="9"><counter type="INSTRUCTION" missed="63" covered="0"/><counter type="LINE" missed="9" covered="0"/><counter type="COMPLEXITY" missed="1" covered="0"/><counter type="METHOD" missed="1" covered="0"/></method><method name="getName" desc="()Ljava/lang/String;" line="12"><counter type="INSTRUCTION" missed="3" covered="0"/><counter type="LINE" missed="1" covered="0"/><counter type="COMPLEXITY" missed="1" covered="0"/><counter type="METHOD" missed="1" covered="0"/></method><method name="getCurrentRadioStation" desc="()I" line="13"><counter type="INSTRUCTION" missed="0" covered="3"/><counter type="LINE" missed="0" covered="1"/><counter type="COMPLEXITY" missed="0" covered="1"/><counter type="METHOD" missed="0" covered="1"/></method><method name="isOn" desc="()Z" line="14"><counter type="INSTRUCTION" missed="3" covered="0"/><counter type="LINE" missed="1" covered="0"/><counter type="COMPLEXITY" missed="1" covered="0"/><counter type="METHOD" missed="1" covered="0"/></method><method name="getMaxRadioStation" desc="()I" line="15"><counter type="INSTRUCTION" missed="3" covered="0"/><counter type="LINE" missed="1" covered="0"/><counter type="COMPLEXITY" missed="1" covered="0"/><counter type="METHOD" missed="1" covered="0"/></method><method name="getMinRadioStation" desc="()I" line="16"><counter type="INSTRUCTION" missed="3" covered="0"/><counter type="LINE" missed="1" covered="0"/><counter type="COMPLEXITY" missed="1" covered="0"/><counter type="METHOD" missed="1" covered="0"/></method><method name="getCurrentVolume" desc="()I" line="17"><counter type="INSTRUCTION" missed="0" covered="3"/><counter type="LINE" missed="0" covered="1"/><counter type="COMPLEXITY" missed="0" covered="1"/><counter type="METHOD" missed="0" covered="1"/></method><method name="getMaxVolume" desc="()I" line="18"><counter type="INSTRUCTION" missed="3" covered="0"/><counter type="LINE" missed="1" covered="0"/><counter type="COMPLEXITY" missed="1" covered="0"/><counter type="METHOD" missed="1" covered="0"/></method><method name="getMinVolume" desc="()I" line="19"><counter type="INSTRUCTION" missed="3" covered="0"/><counter type="LINE" missed="1" covered="0"/><counter type="COMPLEXITY" missed="1" covered="0"/><counter type="METHOD" missed="1" covered="0"/></method><method name="isNext" desc="()Z" line="20"><counter type="INSTRUCTION" missed="3" covered="0"/><counter type="LINE" missed="1" covered="0"/><counter type="COMPLEXITY" missed="1" covered="0"/><counter type="METHOD" missed="1" covered="0"/></method><method name="isPrev" desc="()Z" line="21"><counter type="INSTRUCTION" missed="3" covered="0"/><counter type="LINE" missed="1" covered="0"/><counter type="COMPLEXITY" missed="1" covered="0"/><counter type="METHOD" missed="1" covered="0"/></method><method name="isPlus" desc="()Z" line="22"><counter type="INSTRUCTION" missed="3" covered="0"/><counter type="LINE" missed="1" covered="0"/><counter type="COMPLEXITY" missed="1" covered="0"/><counter type="METHOD" missed="1" covered="0"/></method><method name="isMinus" desc="()Z" line="23"><counter type="INSTRUCTION" missed="3" covered="0"/><counter type="LINE" missed="1" covered="0"/><counter type="COMPLEXITY" missed="1" covered="0"/><counter type="METHOD" missed="1" covered="0"/></method><method name="setName" desc="(Ljava/lang/String;)V" line="10"><counter type="INSTRUCTION" missed="4" covered="0"/><counter type="LINE" missed="1" covered="0"/><counter type="COMPLEXITY" missed="1" covered="0"/><counter type="METHOD" missed="1" covered="0"/></method><method name="setCurrentRadioStation" desc="(I)V" line="10"><counter type="INSTRUCTION" missed="0" covered="4"/><counter type="LINE" missed="0" covered="1"/><counter type="COMPLEXITY" missed="0" covered="1"/><counter type="METHOD" missed="0" covered="1"/></method><method name="setOn" desc="(Z)V" line="10"><counter type="INSTRUCTION" missed="4" covered="0"/><counter type="LINE" missed="1" covered="0"/><counter type="COMPLEXITY" missed="1" covered="0"/><counter type="METHOD" missed="1" covered="0"/></method><method name="setMaxRadioStation" desc="(I)V" line="10"><counter type="INSTRUCTION" missed="0" covered="4"/><counter type="LINE" missed="0" covered="1"/><counter type="COMPLEXITY" missed="0" covered="1"/><counter type="METHOD" missed="0" covered="1"/></method><method name="setMinRadioStation" desc="(I)V" line="10"><counter type="INSTRUCTION" missed="0" covered="4"/><counter type="LINE" missed="0" covered="1"/><counter type="COMPLEXITY" missed="0" covered="1"/><counter type="METHOD" missed="0" covered="1"/></method><method name="setCurrentVolume" desc="(I)V" line="10"><counter type="INSTRUCTION" missed="0" covered="4"/><counter type="LINE" missed="0" covered="1"/><counter type="COMPLEXITY" missed="0" covered="1"/><counter type="METHOD" missed="0" covered="1"/></method><method name="setMaxVolume" desc="(I)V" line="10"><counter type="INSTRUCTION" missed="4" covered="0"/><counter type="LINE" missed="1" covered="0"/><counter type="COMPLEXITY" missed="1" covered="0"/><counter type="METHOD" missed="1" covered="0"/></method><method name="setMinVolume" desc="(I)V" line="10"><counter type="INSTRUCTION" missed="0" covered="4"/><counter type="LINE" missed="0" covered="1"/><counter type="COMPLEXITY" missed="0" covered="1"/><counter type="METHOD" missed="0" covered="1"/></method><method name="setNext" desc="(Z)V" line="10"><counter type="INSTRUCTION" missed="4" covered="0"/><counter type="LINE" missed="1" covered="0"/><counter type="COMPLEXITY" missed="1" covered="0"/><counter type="METHOD" missed="1" covered="0"/></method><method name="setPrev" desc="(Z)V" line="10"><counter type="INSTRUCTION" missed="4" covered="0"/><counter type="LINE" missed="1" covered="0"/><counter type="COMPLEXITY" missed="1" covered="0"/><counter type="METHOD" missed="1" covered="0"/></method><method name="setPlus" desc="(Z)V" line="10"><counter type="INSTRUCTION" missed="4" covered="0"/><counter type="LINE" missed="1" covered="0"/><counter type="COMPLEXITY" missed="1" covered="0"/><counter type="METHOD" missed="1" covered="0"/></method><method name="setMinus" desc="(Z)V" line="10"><counter type="INSTRUCTION" missed="4" covered="0"/><counter type="LINE" missed="1" covered="0"/><counter type="COMPLEXITY" missed="1" covered="0"/><counter type="METHOD" missed="1" covered="0"/></method><method name="equals" desc="(Ljava/lang/Object;)Z" line="10"><counter type="INSTRUCTION" missed="115" covered="0"/><counter type="BRANCH" missed="34" covered="0"/><counter type="LINE" missed="1" covered="0"/><counter type="COMPLEXITY" missed="18" covered="0"/><counter type="METHOD" missed="1" covered="0"/></method><method name="canEqual" desc="(Ljava/lang/Object;)Z" line="10"><counter type="INSTRUCTION" missed="3" covered="0"/><counter type="LINE" missed="1" covered="0"/><counter type="COMPLEXITY" missed="1" covered="0"/><counter type="METHOD" missed="1" covered="0"/></method><method name="hashCode" desc="()I" line="10"><counter type="INSTRUCTION" missed="117" covered="0"/><counter type="BRANCH" missed="12" covered="0"/><counter type="LINE" missed="1" covered="0"/><counter type="COMPLEXITY" missed="7" covered="0"/><counter type="METHOD" missed="1" covered="0"/></method><method name="toString" desc="()Ljava/lang/String;" line="10"><counter type="INSTRUCTION" missed="26" covered="0"/><counter type="LINE" missed="1" covered="0"/><counter type="COMPLEXITY" missed="1" covered="0"/><counter type="METHOD" missed="1" covered="0"/></method><counter type="INSTRUCTION" missed="409" covered="219"/><counter type="BRANCH" missed="46" covered="8"/><counter type="LINE" missed="4" covered="44"/><counter type="COMPLEXITY" missed="46" covered="19"/><counter type="METHOD" missed="23" covered="15"/><counter type="CLASS" missed="0" covered="1"/></class><sourcefile name="Radio.java"><line nr="8" mi="2" ci="0" mb="0" cb="0"/><line nr="9" mi="39" ci="0" mb="0" cb="0"/><line nr="10" mi="289" ci="20" mb="46" cb="0"/><line nr="12" mi="3" ci="0" mb="0" cb="0"/><line nr="13" mi="0" ci="3" mb="0" cb="0"/><line nr="14" mi="3" ci="0" mb="0" cb="0"/><line nr="15" mi="9" ci="12" mb="0" cb="0"/><line nr="16" mi="9" ci="12" mb="0" cb="0"/><line nr="17" mi="0" ci="3" mb="0" cb="0"/><line nr="18" mi="9" ci="12" mb="0" cb="0"/><line nr="19" mi="9" ci="12" mb="0" cb="0"/><line nr="20" mi="9" ci="12" mb="0" cb="0"/><line nr="21" mi="9" ci="12" mb="0" cb="0"/><line nr="22" mi="9" ci="12" mb="0" cb="0"/><line nr="23" mi="10" ci="12" mb="0" cb="0"/><line nr="27" mi="0" ci="6" mb="0" cb="0"/><line nr="28" mi="0" ci="5" mb="0" cb="2"/><line nr="29" mi="0" ci="4" mb="0" cb="0"/><line nr="32" mi="0" ci="1" mb="0" cb="0"/><line nr="34" mi="0" ci="2" mb="0" cb="0"/><line nr="35" mi="0" ci="3" mb="0" cb="0"/><line nr="36" mi="0" ci="1" mb="0" cb="0"/><line nr="40" mi="0" ci="6" mb="0" cb="0"/><line nr="41" mi="0" ci="5" mb="0" cb="2"/><line nr="42" mi="0" ci="4" mb="0" cb="0"/><line nr="45" mi="0" ci="1" mb="0" cb="0"/><line nr="47" mi="0" ci="2" mb="0" cb="0"/><line nr="48" mi="0" ci="3" mb="0" cb="0"/><line nr="49" mi="0" ci="1" mb="0" cb="0"/><line nr="52" mi="0" ci="5" mb="0" cb="2"/><line nr="53" mi="0" ci="1" mb="0" cb="0"/><line nr="55" mi="0" ci="6" mb="0" cb="0"/><line nr="56" mi="0" ci="1" mb="0" cb="0"/><line nr="58" mi="0" ci="2" mb="0" cb="0"/><line nr="59" mi="0" ci="3" mb="0" cb="0"/><line nr="60" mi="0" ci="3" mb="0" cb="0"/><line nr="61" mi="0" ci="3" mb="0" cb="0"/><line nr="62" mi="0" ci="1" mb="0" cb="0"/><line nr="65" mi="0" ci="5" mb="0" cb="2"/><line nr="66" mi="0" ci="1" mb="0" cb="0"/><line nr="68" mi="0" ci="6" mb="0" cb="0"/><line nr="69" mi="0" ci="1" mb="0" cb="0"/><line nr="71" mi="0" ci="2" mb="0" cb="0"/><line nr="72" mi="0" ci="3" mb="0" cb="0"/><line nr="73" mi="0" ci="3" mb="0" cb="0"/><line nr="74" mi="0" ci="3" mb="0" cb="0"/><line nr="75" mi="0" ci="3" mb="0" cb="0"/><line nr="77" mi="0" ci="1" mb="0" cb="0"/><counter type="INSTRUCTION" missed="409" covered="219"/><counter type="BRANCH" missed="46" covered="8"/><counter type="LINE" missed="4" covered="44"/><counter type="COMPLEXITY" missed="46" covered="19"/><counter type="METHOD" missed="23" covered="15"/><counter type="CLASS" missed="0" covered="1"/></sourcefile><counter type="INSTRUCTION" missed="409" covered="219"/><counter type="BRANCH" missed="46" covered="8"/><counter type="LINE" missed="4" covered="44"/><counter type="COMPLEXITY" missed="46" covered="19"/><counter type="METHOD" missed="23" covered="15"/><counter type="CLASS" missed="0" covered="1"/></package><counter type="INSTRUCTION" missed="409" covered="219"/><counter type="BRANCH" missed="46" covered="8"/><counter type="LINE" missed="4" covered="44"/><counter type="COMPLEXITY" missed="46" covered="19"/><counter type="METHOD" missed="23" covered="15"/><counter type="CLASS" missed="0" covered="1"/></report>