<?xml version="1.0" encoding="UTF-8" standalone="yes"?><!DOCTYPE report PUBLIC "-//JACOCO//DTD Report 1.1//EN" "report.dtd"><report name="smart-house"><sessioninfo id="DESKTOP-GV01J88-d22295f5" start="1594132265360" dump="1594132267092"/><sessioninfo id="DESKTOP-GV01J88-99d6736f" start="1594133246406" dump="1594133248018"/><sessioninfo id="DESKTOP-GV01J88-ac202941" start="1594133373665" dump="1594133375300"/><sessioninfo id="DESKTOP-GV01J88-58057995" start="1594133422607" dump="1594133424209"/><sessioninfo id="DESKTOP-GV01J88-5f3c4de8" start="1594133596828" dump="1594133598891"/><sessioninfo id="DESKTOP-GV01J88-70044954" start="1594133937813" dump="1594133939464"/><sessioninfo id="DESKTOP-GV01J88-db74a92b" start="1594134123542" dump="1594134125138"/><sessioninfo id="DESKTOP-GV01J88-9e915f75" start="1594134217825" dump="1594134219477"/><sessioninfo id="DESKTOP-GV01J88-7604c4dd" start="1594134456986" dump="1594134458775"/><sessioninfo id="DESKTOP-GV01J88-eb4c042" start="1594134532477" dump="1594134534017"/><sessioninfo id="DESKTOP-GV01J88-bce7c6ea" start="1594134681565" dump="1594134683128"/><sessioninfo id="DESKTOP-GV01J88-1939c2ad" start="1594134733714" dump="1594134735274"/><sessioninfo id="DESKTOP-GV01J88-823adcb1" start="1594134795398" dump="1594134797032"/><sessioninfo id="DESKTOP-GV01J88-1844c2b8" start="1594134877203" dump="1594134878849"/><sessioninfo id="DESKTOP-GV01J88-4ab48582" start="1594134960045" dump="1594134961906"/><sessioninfo id="DESKTOP-GV01J88-b064c435" start="1594135080903" dump="1594135082581"/><sessioninfo id="DESKTOP-GV01J88-ec59dd0e" start="1594135112935" dump="1594135114632"/><sessioninfo id="DESKTOP-GV01J88-849bfc42" start="1594135188782" dump="1594135190471"/><sessioninfo id="DESKTOP-GV01J88-349837cc" start="1594135249455" dump="1594135251230"/><sessioninfo id="DESKTOP-GV01J88-72529287" start="1594135317030" dump="1594135318721"/><sessioninfo id="DESKTOP-GV01J88-edaf7d8d" start="1594135340157" dump="1594135341855"/><sessioninfo id="DESKTOP-GV01J88-adf9f358" start="1594135461431" dump="1594135463022"/><sessioninfo id="DESKTOP-GV01J88-d27d245" start="1594135488306" dump="1594135490995"/><sessioninfo id="DESKTOP-GV01J88-c8074c00" start="1594135589366" dump="1594135591045"/><package name="ru/netology"><class name="ru/netology/Radio" sourcefilename="Radio.java"><method name="&lt;init&gt;" desc="()V" line="3"><counter type="INSTRUCTION" missed="0" covered="15"/><counter type="LINE" missed="0" covered="5"/><counter type="COMPLEXITY" missed="0" covered="1"/><counter type="METHOD" missed="0" covered="1"/></method><method name="getCurrentVolume" desc="()I" line="17"><counter type="INSTRUCTION" missed="0" covered="3"/><counter type="LINE" missed="0" covered="1"/><counter type="COMPLEXITY" missed="0" covered="1"/><counter type="METHOD" missed="0" covered="1"/></method><method name="setCurrentVolume" desc="(I)V" line="21"><counter type="INSTRUCTION" missed="0" covered="4"/><counter type="LINE" missed="0" covered="2"/><counter type="COMPLEXITY" missed="0" covered="1"/><counter type="METHOD" missed="0" covered="1"/></method><method name="isPlus" desc="()Z" line="25"><counter type="INSTRUCTION" missed="3" covered="0"/><counter type="LINE" missed="1" covered="0"/><counter type="COMPLEXITY" missed="1" covered="0"/><counter type="METHOD" missed="1" covered="0"/></method><method name="setPlus" desc="(Z)V" line="29"><counter type="INSTRUCTION" missed="4" covered="0"/><counter type="LINE" missed="2" covered="0"/><counter type="COMPLEXITY" missed="1" covered="0"/><counter type="METHOD" missed="1" covered="0"/></method><method name="isMinus" desc="()Z" line="33"><counter type="INSTRUCTION" missed="3" covered="0"/><counter type="LINE" missed="1" covered="0"/><counter type="COMPLEXITY" missed="1" covered="0"/><counter type="METHOD" missed="1" covered="0"/></method><method name="setMinus" desc="(Z)V" line="37"><counter type="INSTRUCTION" missed="4" covered="0"/><counter type="LINE" missed="2" covered="0"/><counter type="COMPLEXITY" missed="1" covered="0"/><counter type="METHOD" missed="1" covered="0"/></method><method name="isNext" desc="()Z" line="41"><counter type="INSTRUCTION" missed="3" covered="0"/><counter type="LINE" missed="1" covered="0"/><counter type="COMPLEXITY" missed="1" covered="0"/><counter type="METHOD" missed="1" covered="0"/></method><method name="setNext" desc="(Z)V" line="45"><counter type="INSTRUCTION" missed="4" covered="0"/><counter type="LINE" missed="2" covered="0"/><counter type="COMPLEXITY" missed="1" covered="0"/><counter type="METHOD" missed="1" covered="0"/></method><method name="isPrev" desc="()Z" line="49"><counter type="INSTRUCTION" missed="3" covered="0"/><counter type="LINE" missed="1" covered="0"/><counter type="COMPLEXITY" missed="1" covered="0"/><counter type="METHOD" missed="1" covered="0"/></method><method name="setPrev" desc="(Z)V" line="53"><counter type="INSTRUCTION" missed="4" covered="0"/><counter type="LINE" missed="2" covered="0"/><counter type="COMPLEXITY" missed="1" covered="0"/><counter type="METHOD" missed="1" covered="0"/></method><method name="changeNextRadioStation" desc="()V" line="58"><counter type="INSTRUCTION" missed="0" covered="14"/><counter type="BRANCH" missed="0" covered="2"/><counter type="LINE" missed="0" covered="4"/><counter type="COMPLEXITY" missed="0" covered="2"/><counter type="METHOD" missed="0" covered="1"/></method><method name="changePrevRadioStation" desc="()V" line="66"><counter type="INSTRUCTION" missed="0" covered="13"/><counter type="BRANCH" missed="0" covered="2"/><counter type="LINE" missed="0" covered="4"/><counter type="COMPLEXITY" missed="0" covered="2"/><counter type="METHOD" missed="0" covered="1"/></method><method name="volumeUp" desc="()V" line="73"><counter type="INSTRUCTION" missed="0" covered="14"/><counter type="BRANCH" missed="0" covered="2"/><counter type="LINE" missed="0" covered="3"/><counter type="COMPLEXITY" missed="0" covered="2"/><counter type="METHOD" missed="0" covered="1"/></method><method name="volumeDown" desc="()V" line="80"><counter type="INSTRUCTION" missed="0" covered="13"/><counter type="BRANCH" missed="0" covered="2"/><counter type="LINE" missed="0" covered="3"/><counter type="COMPLEXITY" missed="0" covered="2"/><counter type="METHOD" missed="0" covered="1"/></method><method name="setMaxVolume" desc="(I)V" line="88"><counter type="INSTRUCTION" missed="0" covered="4"/><counter type="LINE" missed="0" covered="2"/><counter type="COMPLEXITY" missed="0" covered="1"/><counter type="METHOD" missed="0" covered="1"/></method><method name="setMinVolume" desc="(I)V" line="93"><counter type="INSTRUCTION" missed="0" covered="4"/><counter type="LINE" missed="0" covered="2"/><counter type="COMPLEXITY" missed="0" covered="1"/><counter type="METHOD" missed="0" covered="1"/></method><method name="getCurrentRadioStation" desc="()I" line="97"><counter type="INSTRUCTION" missed="0" covered="3"/><counter type="LINE" missed="0" covered="1"/><counter type="COMPLEXITY" missed="0" covered="1"/><counter type="METHOD" missed="0" covered="1"/></method><method name="setCurrentRadioStation" desc="(I)V" line="101"><counter type="INSTRUCTION" missed="0" covered="4"/><counter type="LINE" missed="0" covered="2"/><counter type="COMPLEXITY" missed="0" covered="1"/><counter type="METHOD" missed="0" covered="1"/></method><method name="getSoundVolume" desc="()I" line="105"><counter type="INSTRUCTION" missed="3" covered="0"/><counter type="LINE" missed="1" covered="0"/><counter type="COMPLEXITY" missed="1" covered="0"/><counter type="METHOD" missed="1" covered="0"/></method><method name="setSoundVolume" desc="(I)V" line="109"><counter type="INSTRUCTION" missed="4" covered="0"/><counter type="LINE" missed="2" covered="0"/><counter type="COMPLEXITY" missed="1" covered="0"/><counter type="METHOD" missed="1" covered="0"/></method><method name="setMaxRadioStation" desc="(I)V" line="115"><counter type="INSTRUCTION" missed="0" covered="4"/><counter type="LINE" missed="0" covered="2"/><counter type="COMPLEXITY" missed="0" covered="1"/><counter type="METHOD" missed="0" covered="1"/></method><method name="setMinRadioStation" desc="(I)V" line="119"><counter type="INSTRUCTION" missed="0" covered="4"/><counter type="LINE" missed="0" covered="2"/><counter type="COMPLEXITY" missed="0" covered="1"/><counter type="METHOD" missed="0" covered="1"/></method><counter type="INSTRUCTION" missed="35" covered="99"/><counter type="BRANCH" missed="0" covered="8"/><counter type="LINE" missed="15" covered="33"/><counter type="COMPLEXITY" missed="10" covered="17"/><counter type="METHOD" missed="10" covered="13"/><counter type="CLASS" missed="0" covered="1"/></class><sourcefile name="Radio.java"><line nr="3" mi="0" ci="2" mb="0" cb="0"/><line nr="11" mi="0" ci="3" mb="0" cb="0"/><line nr="12" mi="0" ci="3" mb="0" cb="0"/><line nr="13" mi="0" ci="3" mb="0" cb="0"/><line nr="14" mi="0" ci="4" mb="0" cb="0"/><line nr="17" mi="0" ci="3" mb="0" cb="0"/><line nr="21" mi="0" ci="3" mb="0" cb="0"/><line nr="22" mi="0" ci="1" mb="0" cb="0"/><line nr="25" mi="3" ci="0" mb="0" cb="0"/><line nr="29" mi="3" ci="0" mb="0" cb="0"/><line nr="30" mi="1" ci="0" mb="0" cb="0"/><line nr="33" mi="3" ci="0" mb="0" cb="0"/><line nr="37" mi="3" ci="0" mb="0" cb="0"/><line nr="38" mi="1" ci="0" mb="0" cb="0"/><line nr="41" mi="3" ci="0" mb="0" cb="0"/><line nr="45" mi="3" ci="0" mb="0" cb="0"/><line nr="46" mi="1" ci="0" mb="0" cb="0"/><line nr="49" mi="3" ci="0" mb="0" cb="0"/><line nr="53" mi="3" ci="0" mb="0" cb="0"/><line nr="54" mi="1" ci="0" mb="0" cb="0"/><line nr="58" mi="0" ci="6" mb="0" cb="0"/><line nr="59" mi="0" ci="4" mb="0" cb="2"/><line nr="60" mi="0" ci="3" mb="0" cb="0"/><line nr="63" mi="0" ci="1" mb="0" cb="0"/><line nr="66" mi="0" ci="6" mb="0" cb="0"/><line nr="67" mi="0" ci="3" mb="0" cb="2"/><line nr="68" mi="0" ci="3" mb="0" cb="0"/><line nr="71" mi="0" ci="1" mb="0" cb="0"/><line nr="73" mi="0" ci="6" mb="0" cb="0"/><line nr="74" mi="0" ci="7" mb="0" cb="2"/><line nr="75" mi="0" ci="1" mb="0" cb="0"/><line nr="80" mi="0" ci="6" mb="0" cb="0"/><line nr="81" mi="0" ci="6" mb="0" cb="2"/><line nr="82" mi="0" ci="1" mb="0" cb="0"/><line nr="88" mi="0" ci="3" mb="0" cb="0"/><line nr="89" mi="0" ci="1" mb="0" cb="0"/><line nr="93" mi="0" ci="3" mb="0" cb="0"/><line nr="94" mi="0" ci="1" mb="0" cb="0"/><line nr="97" mi="0" ci="3" mb="0" cb="0"/><line nr="101" mi="0" ci="3" mb="0" cb="0"/><line nr="102" mi="0" ci="1" mb="0" cb="0"/><line nr="105" mi="3" ci="0" mb="0" cb="0"/><line nr="109" mi="3" ci="0" mb="0" cb="0"/><line nr="110" mi="1" ci="0" mb="0" cb="0"/><line nr="115" mi="0" ci="3" mb="0" cb="0"/><line nr="116" mi="0" ci="1" mb="0" cb="0"/><line nr="119" mi="0" ci="3" mb="0" cb="0"/><line nr="120" mi="0" ci="1" mb="0" cb="0"/><counter type="INSTRUCTION" missed="35" covered="99"/><counter type="BRANCH" missed="0" covered="8"/><counter type="LINE" missed="15" covered="33"/><counter type="COMPLEXITY" missed="10" covered="17"/><counter type="METHOD" missed="10" covered="13"/><counter type="CLASS" missed="0" covered="1"/></sourcefile><counter type="INSTRUCTION" missed="35" covered="99"/><counter type="BRANCH" missed="0" covered="8"/><counter type="LINE" missed="15" covered="33"/><counter type="COMPLEXITY" missed="10" covered="17"/><counter type="METHOD" missed="10" covered="13"/><counter type="CLASS" missed="0" covered="1"/></package><counter type="INSTRUCTION" missed="35" covered="99"/><counter type="BRANCH" missed="0" covered="8"/><counter type="LINE" missed="15" covered="33"/><counter type="COMPLEXITY" missed="10" covered="17"/><counter type="METHOD" missed="10" covered="13"/><counter type="CLASS" missed="0" covered="1"/></report>