<?xml version="1.0" encoding="UTF-8"?>
<testsuite xmlns:xsi="http://www.w3.org/2001/XMLSchema-instance" xsi:noNamespaceSchemaLocation="https://maven.apache.org/surefire/maven-surefire-plugin/xsd/surefire-test-report.xsd" name="ru.netology.RadioTest" time="0.137" tests="4" errors="0" skipped="0" failures="0">
  <properties>
[...]
</properties>
  <testcase name="shouldDownStation" classname="ru.netology.RadioTest" time="0.06"/>
  <testcase name="shouldUpStation" classname="ru.netology.RadioTest" time="0.005"/>
  <testcase name="shouldVolumeDown" classname="ru.netology.RadioTest" time="0"/>
  <testcase name="shouldVolumeUp" classname="ru.netology.RadioTest" time="0.002"/>
</testsuite>